Using pre-set license
Built from '2023.1/staging' branch; Version is '2023.1.0f1 (a008fa768e6c) revision 10488058'; Using compiler version '192829333'; Build Type 'Release'
OS: 'Windows 11  (10.0.26100) 64bit Professional' Language: 'ja' Physical Memory: 32525 MB
BatchMode: 1, IsHumanControllingUs: 0, StartBugReporterOnCrash: 0, Is64bit: 1, IsPro: 1

COMMAND LINE ARGUMENTS:
C:\Program Files\Unity\Hub\Editor\2023.1.0f1\Editor\Unity.exe
-adb2
-batchMode
-noUpm
-name
AssetImportWorker4
-projectPath
C:/Users/student/Documents/Github/IslandParty_Group/PartyProject
-logFile
Logs/AssetImportWorker4.log
-srvPort
52244
Successfully changed project path to: C:/Users/student/Documents/Github/IslandParty_Group/PartyProject
C:/Users/student/Documents/Github/IslandParty_Group/PartyProject
[UnityMemory] Configuration Parameters - Can be set up in boot.config
    "memorysetup-bucket-allocator-granularity=16"
    "memorysetup-bucket-allocator-bucket-count=8"
    "memorysetup-bucket-allocator-block-size=33554432"
    "memorysetup-bucket-allocator-block-count=8"
    "memorysetup-main-allocator-block-size=16777216"
    "memorysetup-thread-allocator-block-size=16777216"
    "memorysetup-gfx-main-allocator-block-size=16777216"
    "memorysetup-gfx-thread-allocator-block-size=16777216"
    "memorysetup-cache-allocator-block-size=4194304"
    "memorysetup-typetree-allocator-block-size=2097152"
    "memorysetup-profiler-bucket-allocator-granularity=16"
    "memorysetup-profiler-bucket-allocator-bucket-count=8"
    "memorysetup-profiler-bucket-allocator-block-size=33554432"
    "memorysetup-profiler-bucket-allocator-block-count=8"
    "memorysetup-profiler-allocator-block-size=16777216"
    "memorysetup-profiler-editor-allocator-block-size=1048576"
    "memorysetup-temp-allocator-size-main=16777216"
    "memorysetup-job-temp-allocator-block-size=2097152"
    "memorysetup-job-temp-allocator-block-size-background=1048576"
    "memorysetup-job-temp-allocator-reduction-small-platforms=262144"
    "memorysetup-allocator-temp-initial-block-size-main=262144"
    "memorysetup-allocator-temp-initial-block-size-worker=262144"
    "memorysetup-temp-allocator-size-background-worker=32768"
    "memorysetup-temp-allocator-size-job-worker=262144"
    "memorysetup-temp-allocator-size-preload-manager=33554432"
    "memorysetup-temp-allocator-size-nav-mesh-worker=65536"
    "memorysetup-temp-allocator-size-audio-worker=65536"
    "memorysetup-temp-allocator-size-cloud-worker=32768"
    "memorysetup-temp-allocator-size-gi-baking-worker=262144"
    "memorysetup-temp-allocator-size-gfx=262144"
Player connection [38828] Host "[IP] 10.0.80.129 [Port] 0 [Flags] 2 [Guid] 1533185598 [EditorId] 1533185598 [Version] 1048832 [Id] WindowsEditor(7,OIC-GAME-ROOM229) [Debug] 1 [PackageName] WindowsEditor [ProjectName] Editor" joined multi-casting on [225.0.0.222:54997]...

Player connection [38828] Host "[IP] 10.0.80.129 [Port] 0 [Flags] 2 [Guid] 1533185598 [EditorId] 1533185598 [Version] 1048832 [Id] WindowsEditor(7,OIC-GAME-ROOM229) [Debug] 1 [PackageName] WindowsEditor [ProjectName] Editor" joined alternative multi-casting on [225.0.0.222:34997]...

Library Redirect Path: Library/Refreshing native plugins compatible for Editor in 2.04 ms, found 1 plugins.
Preloading 0 native plugins for Editor in 0.00 ms.
Initialize engine version: 2023.1.0f1 (a008fa768e6c)
[Subsystems] Discovering subsystems at path C:/Program Files/Unity/Hub/Editor/2023.1.0f1/Editor/Data/Resources/UnitySubsystems
[Subsystems] Discovering subsystems at path C:/Users/student/Documents/Github/IslandParty_Group/PartyProject/Assets
GfxDevice: creating device client; threaded=0; jobified=0
Direct3D:
    Version:  Direct3D 11.0 [level 11.1]
    Renderer: NVIDIA GeForce RTX 3070 (ID=0x2488)
    Vendor:   NVIDIA
    VRAM:     8018 MB
    Driver:   32.0.15.7697
Initialize mono
Mono path[0] = 'C:/Program Files/Unity/Hub/Editor/2023.1.0f1/Editor/Data/Managed'
Mono path[1] = 'C:/Program Files/Unity/Hub/Editor/2023.1.0f1/Editor/Data/MonoBleedingEdge/lib/mono/unityjit-win32'
Mono config path = 'C:/Program Files/Unity/Hub/Editor/2023.1.0f1/Editor/Data/MonoBleedingEdge/etc'
Using monoOptions --debugger-agent=transport=dt_socket,embedding=1,server=y,suspend=n,address=127.0.0.1:56620
Begin MonoManager ReloadAssembly
Registering precompiled unity dll's ...
Register platform support module: C:/Program Files/Unity/Hub/Editor/2023.1.0f1/Editor/Data/PlaybackEngines/WindowsStandaloneSupport/UnityEditor.WindowsStandalone.Extensions.dll
Registered in 0.002489 seconds.
- Loaded All Assemblies, in  0.244 seconds
Native extension for WindowsStandalone target not found
Mono: successfully reloaded assembly
- Finished resetting the current domain, in  0.180 seconds
Domain Reload Profiling: 423ms
	BeginReloadAssembly (88ms)
		ExecutionOrderSort (0ms)
		DisableScriptedObjects (0ms)
		BackupInstance (0ms)
		ReleaseScriptingObjects (0ms)
		CreateAndSetChildDomain (0ms)
	RebuildCommonClasses (23ms)
	RebuildNativeTypeToScriptingClass (7ms)
	initialDomainReloadingComplete (33ms)
	LoadAllAssembliesAndSetupDomain (93ms)
		LoadAssemblies (87ms)
		RebuildTransferFunctionScriptingTraits (0ms)
		AnalyzeDomain (91ms)
			TypeCache.Refresh (90ms)
				TypeCache.ScanAssembly (81ms)
			ScanForSourceGeneratedMonoScriptInfo (0ms)
			ResolveRequiredComponents (0ms)
	FinalizeReload (180ms)
		ReleaseScriptCaches (0ms)
		RebuildScriptCaches (0ms)
		SetupLoadedEditorAssemblies (150ms)
			LogAssemblyErrors (0ms)
			InitializePlatformSupportModulesInManaged (5ms)
			SetLoadedEditorAssemblies (3ms)
			BeforeProcessingInitializeOnLoad (5ms)
			ProcessInitializeOnLoadAttributes (106ms)
			ProcessInitializeOnLoadMethodAttributes (31ms)
			AfterProcessingInitializeOnLoad (0ms)
			EditorAssembliesLoaded (0ms)
		ExecutionOrderSort2 (0ms)
		AwakeInstancesAfterBackupRestoration (0ms)
========================================================================
Worker process is ready to serve import requests
Import Worker Mode flag is 0x00
Begin MonoManager ReloadAssembly
- Loaded All Assemblies, in  0.430 seconds
Refreshing native plugins compatible for Editor in 0.98 ms, found 1 plugins.
Native extension for WindowsStandalone target not found
Mono: successfully reloaded assembly
- Finished resetting the current domain, in  0.284 seconds
Domain Reload Profiling: 714ms
	BeginReloadAssembly (193ms)
		ExecutionOrderSort (0ms)
		DisableScriptedObjects (4ms)
		BackupInstance (0ms)
		ReleaseScriptingObjects (0ms)
		CreateAndSetChildDomain (21ms)
	RebuildCommonClasses (22ms)
	RebuildNativeTypeToScriptingClass (7ms)
	initialDomainReloadingComplete (25ms)
	LoadAllAssembliesAndSetupDomain (182ms)
		LoadAssemblies (144ms)
		RebuildTransferFunctionScriptingTraits (0ms)
		AnalyzeDomain (102ms)
			TypeCache.Refresh (98ms)
				TypeCache.ScanAssembly (92ms)
			ScanForSourceGeneratedMonoScriptInfo (2ms)
			ResolveRequiredComponents (1ms)
	FinalizeReload (285ms)
		ReleaseScriptCaches (0ms)
		RebuildScriptCaches (0ms)
		SetupLoadedEditorAssemblies (151ms)
			LogAssemblyErrors (0ms)
			InitializePlatformSupportModulesInManaged (4ms)
			SetLoadedEditorAssemblies (1ms)
			BeforeProcessingInitializeOnLoad (46ms)
			ProcessInitializeOnLoadAttributes (83ms)
			ProcessInitializeOnLoadMethodAttributes (15ms)
			AfterProcessingInitializeOnLoad (2ms)
			EditorAssembliesLoaded (0ms)
		ExecutionOrderSort2 (0ms)
		AwakeInstancesAfterBackupRestoration (5ms)
Launched and connected shader compiler UnityShaderCompiler.exe after 0.01 seconds
Refreshing native plugins compatible for Editor in 1.26 ms, found 1 plugins.
Preloading 0 native plugins for Editor in 0.00 ms.
Unloading 2824 Unused Serialized files (Serialized files now loaded: 0)
Unloading 16 unused Assets / (85.3 KB). Loaded Objects now: 3392.
Memory consumption went from 129.6 MB to 129.5 MB.
Total: 5.016300 ms (FindLiveObjects: 0.220900 ms CreateObjectMapping: 0.165300 ms MarkObjects: 4.557100 ms  DeleteObjects: 0.072100 ms)

AssetImportParameters requested are different than current active one (requested -> active):
  custom:container-demuxer-ogg: 62fdf1f143b41e24485cea50d1cbac27 -> 
  custom:video-codec-MediaFoundation-h265: 746d11721c4dcdbdad8f713fa42b33f4 -> 
  custom:video-decoder-ogg-theora: a1e56fd34408186e4bbccfd4996cb3dc -> 
  custom:framework-win-MediaFoundation: 216162199b28c13a410421893ffa2e32 -> 
  custom:container-demuxer-webm: 4f35f7cbe854078d1ac9338744f61a02 -> 
  custom:container-muxer-webm: aa71ff27fc2769a1b78a27578f13a17b -> 
  custom:video-decoder-webm-vp8: 9c59270c3fd7afecdb556c50c9e8de78 -> 
  custom:AudioImporter_EditorPlatform: d09bf68614088b80899f8185d706f6e7 -> 
  custom:video-encoder-webm-vp8: eb34c28f22e8b96e1ab97ce403110664 -> 
  custom:audio-decoder-ogg-vorbis: bf7c407c2cedff20999df2af8eb42d56 -> 
  custom:audio-encoder-webm-vorbis: bf7c407c2cedff20999df2af8eb42d56 -> 
========================================================================
Received Import Request.
  Time since last request: 108942.839649 seconds.
  path: Assets/Scenes/GameScene/Sugoroku/SugorokuStage/Cell/Textures/Barrier_1.png
  artifactKey: Guid(dabc02a39a0b43f41b4b4c271c74cd86) Importer(815301076,1909f56bfc062723c751e8b465ee728b)
Start importing Assets/Scenes/GameScene/Sugoroku/SugorokuStage/Cell/Textures/Barrier_1.png using Guid(dabc02a39a0b43f41b4b4c271c74cd86) Importer(815301076,1909f56bfc062723c751e8b465ee728b)  -> (artifact id: '5cc66811d4a87118817ccec53ae04926') in 0.060586 seconds
Number of updated asset objects reloaded before import = 0
Number of asset objects unloaded after import = 2
========================================================================
Received Import Request.
  Time since last request: 1.677900 seconds.
  path: Assets/Scenes/GameScene/Sugoroku/SugorokuManager.prefab
  artifactKey: Guid(f6114d729f6c6dc468eeec2f28e47795) Importer(815301076,1909f56bfc062723c751e8b465ee728b)
Start importing Assets/Scenes/GameScene/Sugoroku/SugorokuManager.prefab using Guid(f6114d729f6c6dc468eeec2f28e47795) Importer(815301076,1909f56bfc062723c751e8b465ee728b)  -> (artifact id: '406457112e72855103a0ecb79485d0c1') in 0.163085 seconds
Number of updated asset objects reloaded before import = 0
Number of asset objects unloaded after import = 780
========================================================================
Received Import Request.
  Time since last request: 0.655277 seconds.
  path: Assets/Scenes/GameScene/Dice/DiceManager.prefab
  artifactKey: Guid(7a94ad450305e7e46b2cdd4e873a9812) Importer(815301076,1909f56bfc062723c751e8b465ee728b)
Start importing Assets/Scenes/GameScene/Dice/DiceManager.prefab using Guid(7a94ad450305e7e46b2cdd4e873a9812) Importer(815301076,1909f56bfc062723c751e8b465ee728b)  -> (artifact id: '62874a312f5d3fc7b9fed7c384c3d0e9') in 0.002198 seconds
Number of updated asset objects reloaded before import = 0
Number of asset objects unloaded after import = 47
========================================================================
Received Import Request.
  Time since last request: 2.236003 seconds.
  path: Assets/Scenes/GameScene/MiniGame/minigame.png
  artifactKey: Guid(e6af97e9aa86cfb4585fe1cc39789737) Importer(815301076,1909f56bfc062723c751e8b465ee728b)
Start importing Assets/Scenes/GameScene/MiniGame/minigame.png using Guid(e6af97e9aa86cfb4585fe1cc39789737) Importer(815301076,1909f56bfc062723c751e8b465ee728b)  -> (artifact id: '35ea856e0d63f7d50f1fe5a92c75da87') in 0.019252 seconds
Number of updated asset objects reloaded before import = 0
Number of asset objects unloaded after import = 2
========================================================================
Received Import Request.
  Time since last request: 1.689040 seconds.
  path: Assets/Scenes/GameScene/MiniGame/OneAll
  artifactKey: Guid(35438e4fcf185624a8e173a5651a1099) Importer(815301076,1909f56bfc062723c751e8b465ee728b)
Start importing Assets/Scenes/GameScene/MiniGame/OneAll using Guid(35438e4fcf185624a8e173a5651a1099) Importer(815301076,1909f56bfc062723c751e8b465ee728b)  -> (artifact id: '02fbb09ee7d1b32968f65d090f668a3f') in 0.000426 seconds
Number of updated asset objects reloaded before import = 0
Number of asset objects unloaded after import = 0
========================================================================
Received Import Request.
  Time since last request: 0.896386 seconds.
  path: Assets/Scenes/GameScene/MiniGame/ManagerData
  artifactKey: Guid(5a664bd3695ccf14bb969282c0a213b7) Importer(815301076,1909f56bfc062723c751e8b465ee728b)
Start importing Assets/Scenes/GameScene/MiniGame/ManagerData using Guid(5a664bd3695ccf14bb969282c0a213b7) Importer(815301076,1909f56bfc062723c751e8b465ee728b)  -> (artifact id: '71a029418ef06b119f30b6e3116737bf') in 0.000402 seconds
Number of updated asset objects reloaded before import = 0
Number of asset objects unloaded after import = 0
========================================================================
Received Import Request.
  Time since last request: 1.965646 seconds.
  path: Assets/Scenes/GameScene/MiniGame/1v1
  artifactKey: Guid(daf16d901a5809f4c8a0b5a8552f18e8) Importer(815301076,1909f56bfc062723c751e8b465ee728b)
Start importing Assets/Scenes/GameScene/MiniGame/1v1 using Guid(daf16d901a5809f4c8a0b5a8552f18e8) Importer(815301076,1909f56bfc062723c751e8b465ee728b)  -> (artifact id: '56cd86108d8fa09966ebf9a09be19421') in 0.000411 seconds
Number of updated asset objects reloaded before import = 0
Number of asset objects unloaded after import = 0
========================================================================
Received Import Request.
  Time since last request: 0.519289 seconds.
  path: Assets/Scenes/GameScene/MiniGame/1v1/DarumaOtosi
  artifactKey: Guid(8681eb9fb048c45439594d16dc71e41d) Importer(815301076,1909f56bfc062723c751e8b465ee728b)
Start importing Assets/Scenes/GameScene/MiniGame/1v1/DarumaOtosi using Guid(8681eb9fb048c45439594d16dc71e41d) Importer(815301076,1909f56bfc062723c751e8b465ee728b)  -> (artifact id: 'e13a16ea6293f736b7474d089ed7fb5c') in 0.000358 seconds
Number of updated asset objects reloaded before import = 0
Number of asset objects unloaded after import = 0
========================================================================
Received Import Request.
  Time since last request: 1.882590 seconds.
  path: Assets/Scenes/GameScene/MiniGame/1v3
  artifactKey: Guid(cd4a5bf08d300fb42a87878ac9a5935c) Importer(815301076,1909f56bfc062723c751e8b465ee728b)
Start importing Assets/Scenes/GameScene/MiniGame/1v3 using Guid(cd4a5bf08d300fb42a87878ac9a5935c) Importer(815301076,1909f56bfc062723c751e8b465ee728b)  -> (artifact id: '31d03b4e623b02e891a0caafec38150c') in 0.000647 seconds
Number of updated asset objects reloaded before import = 0
Number of asset objects unloaded after import = 0
========================================================================
Received Import Request.
  Time since last request: 1.304134 seconds.
  path: Assets/Scenes/GameScene/MiniGame/1v3/JumpingBar_1_v_33_WF
  artifactKey: Guid(6e89a7830ad541542a922e16b4499902) Importer(815301076,1909f56bfc062723c751e8b465ee728b)
Start importing Assets/Scenes/GameScene/MiniGame/1v3/JumpingBar_1_v_33_WF using Guid(6e89a7830ad541542a922e16b4499902) Importer(815301076,1909f56bfc062723c751e8b465ee728b)  -> (artifact id: 'b11f4b2a8a70cc15f81490f9ad61cef8') in 0.000417 seconds
Number of updated asset objects reloaded before import = 0
Number of asset objects unloaded after import = 0
========================================================================
Received Import Request.
  Time since last request: 0.057758 seconds.
  path: Assets/Scenes/GameScene/MiniGame/1v3/JumpingBar_1_v_33_WF/GameStrage.prefab
  artifactKey: Guid(ed61147d1d099db46a32e90a8ed19860) Importer(815301076,1909f56bfc062723c751e8b465ee728b)
Start importing Assets/Scenes/GameScene/MiniGame/1v3/JumpingBar_1_v_33_WF/GameStrage.prefab using Guid(ed61147d1d099db46a32e90a8ed19860) Importer(815301076,1909f56bfc062723c751e8b465ee728b)  -> (artifact id: 'b14f888a52ec42c9e4d6728e3b99a111') in 0.039777 seconds
Number of updated asset objects reloaded before import = 0
Number of asset objects unloaded after import = 80
========================================================================
Received Import Request.
  Time since last request: 4.230415 seconds.
  path: Assets/Scenes/GameScene/MiniGame/1v3/WaveJump
  artifactKey: Guid(3364e2ff07236454d8a77fae0fc3ba0c) Importer(815301076,1909f56bfc062723c751e8b465ee728b)
Start importing Assets/Scenes/GameScene/MiniGame/1v3/WaveJump using Guid(3364e2ff07236454d8a77fae0fc3ba0c) Importer(815301076,1909f56bfc062723c751e8b465ee728b)  -> (artifact id: 'c936a9a1fa970840f09edb8d4074cc76') in 0.000478 seconds
Number of updated asset objects reloaded before import = 0
Number of asset objects unloaded after import = 0
========================================================================
Received Import Request.
  Time since last request: 0.069732 seconds.
  path: Assets/Scenes/GameScene/MiniGame/1v3/WaveJump/WaveJump.prefab
  artifactKey: Guid(0360dcfa6f6bdb844b5f7e43d0ec7df9) Importer(815301076,1909f56bfc062723c751e8b465ee728b)
Start importing Assets/Scenes/GameScene/MiniGame/1v3/WaveJump/WaveJump.prefab using Guid(0360dcfa6f6bdb844b5f7e43d0ec7df9) Importer(815301076,1909f56bfc062723c751e8b465ee728b)  -> (artifact id: '30d2d5b367e8bd3b5531eac85f41d5ab') in 0.031632 seconds
Number of updated asset objects reloaded before import = 0
Number of asset objects unloaded after import = 101
========================================================================
Received Import Request.
  Time since last request: 9.382444 seconds.
  path: Assets/Scenes/GameScene.unity
  artifactKey: Guid(ff22867fbfc471e4cb39860b6b60baf1) Importer(815301076,1909f56bfc062723c751e8b465ee728b)
Start importing Assets/Scenes/GameScene.unity using Guid(ff22867fbfc471e4cb39860b6b60baf1) Importer(815301076,1909f56bfc062723c751e8b465ee728b)  -> (artifact id: '59544c8f5391fc74b2d83e92345f82e4') in 0.000597 seconds
Number of updated asset objects reloaded before import = 0
Number of asset objects unloaded after import = 0
========================================================================
Received Import Request.
  Time since last request: 23.489364 seconds.
  path: Assets/Scenes/TitleScene.unity
  artifactKey: Guid(992afaf9e947a924686488b37641bab3) Importer(815301076,1909f56bfc062723c751e8b465ee728b)
Start importing Assets/Scenes/TitleScene.unity using Guid(992afaf9e947a924686488b37641bab3) Importer(815301076,1909f56bfc062723c751e8b465ee728b)  -> (artifact id: '392a67081f13511204aa0be0ccf669d2') in 0.000485 seconds
Number of updated asset objects reloaded before import = 0
Number of asset objects unloaded after import = 0
========================================================================
Received Import Request.
  Time since last request: 1.704894 seconds.
  path: Assets/Scenes/TitleScene
  artifactKey: Guid(66e7c27b410f44044a28e5241026ff99) Importer(815301076,1909f56bfc062723c751e8b465ee728b)
Start importing Assets/Scenes/TitleScene using Guid(66e7c27b410f44044a28e5241026ff99) Importer(815301076,1909f56bfc062723c751e8b465ee728b)  -> (artifact id: '0b4bd8a03ea95e31ca5e76324579a2b8') in 0.000435 seconds
Number of updated asset objects reloaded before import = 0
Number of asset objects unloaded after import = 0
========================================================================
Received Import Request.
  Time since last request: 3.654013 seconds.
  path: Assets/Scenes/GameScene/MiniGame/1v1/MeteorPanic_WF/MeteorPanicDirector_1v1.prefab
  artifactKey: Guid(bbc64ba898958f640a64623c7afe4295) Importer(815301076,1909f56bfc062723c751e8b465ee728b)
Start importing Assets/Scenes/GameScene/MiniGame/1v1/MeteorPanic_WF/MeteorPanicDirector_1v1.prefab using Guid(bbc64ba898958f640a64623c7afe4295) Importer(815301076,1909f56bfc062723c751e8b465ee728b)  -> (artifact id: '1cbff35866850c1b73d3c09840f8f36a') in 0.059009 seconds
Number of updated asset objects reloaded before import = 0
Number of asset objects unloaded after import = 76
========================================================================
Received Import Request.
  Time since last request: 0.520511 seconds.
  path: Assets/Scenes/GameScene/MiniGame/1v1/DarumaOtosi/DarumaOtoshiDirector.prefab
  artifactKey: Guid(f831f62988d4bee4ea53364dca576d4a) Importer(815301076,1909f56bfc062723c751e8b465ee728b)
Start importing Assets/Scenes/GameScene/MiniGame/1v1/DarumaOtosi/DarumaOtoshiDirector.prefab using Guid(f831f62988d4bee4ea53364dca576d4a) Importer(815301076,1909f56bfc062723c751e8b465ee728b)  -> (artifact id: '3042c1c0af059c7ad620927f163d0e12') in 0.018478 seconds
Number of updated asset objects reloaded before import = 0
Number of asset objects unloaded after import = 82
========================================================================
Received Import Request.
  Time since last request: 8.313290 seconds.
  path: Assets/Scenes/GameScene/Dice/Materials/Mat_BlueExcept.mat
  artifactKey: Guid(4143ce9e33c4c9742ac0f41ffd08d30f) Importer(815301076,1909f56bfc062723c751e8b465ee728b)
Start importing Assets/Scenes/GameScene/Dice/Materials/Mat_BlueExcept.mat using Guid(4143ce9e33c4c9742ac0f41ffd08d30f) Importer(815301076,1909f56bfc062723c751e8b465ee728b)  -> (artifact id: '522da7902893889bfe9924deed05bfcf') in 0.067120 seconds
Number of updated asset objects reloaded before import = 0
Number of asset objects unloaded after import = 3
========================================================================
Received Import Request.
  Time since last request: 0.000020 seconds.
  path: Assets/Scenes/GameScene/Dice/Materials/Mat_Silver.mat
  artifactKey: Guid(6a18c03183a1a964cae80ad2222f014e) Importer(815301076,1909f56bfc062723c751e8b465ee728b)
Start importing Assets/Scenes/GameScene/Dice/Materials/Mat_Silver.mat using Guid(6a18c03183a1a964cae80ad2222f014e) Importer(815301076,1909f56bfc062723c751e8b465ee728b)  -> (artifact id: 'd2e0c9a21b4b90559a5ba1c6641f4ec7') in 0.015438 seconds
Number of updated asset objects reloaded before import = 0
Number of asset objects unloaded after import = 2
========================================================================
Received Import Request.
  Time since last request: 0.352312 seconds.
  path: Assets/Scenes/GameScene/Dice/Meshes/Dice_d6.fbx
  artifactKey: Guid(8d400ad96dc116647b0dfeba5b490335) Importer(815301076,1909f56bfc062723c751e8b465ee728b)
Start importing Assets/Scenes/GameScene/Dice/Meshes/Dice_d6.fbx using Guid(8d400ad96dc116647b0dfeba5b490335) Importer(815301076,1909f56bfc062723c751e8b465ee728b)  -> (artifact id: 'dd613db3ecaea0a69c3656e7d9e492e6') in 0.041228 seconds
Number of updated asset objects reloaded before import = 0
Number of asset objects unloaded after import = 8
========================================================================
Received Import Request.
  Time since last request: 0.774949 seconds.
  path: Assets/Scenes/GameScene/Dice/Textures/Tex_1~2.png
  artifactKey: Guid(382d52d8a3b23f049b08db7d4bcd94c5) Importer(815301076,1909f56bfc062723c751e8b465ee728b)
Start importing Assets/Scenes/GameScene/Dice/Textures/Tex_1~2.png using Guid(382d52d8a3b23f049b08db7d4bcd94c5) Importer(815301076,1909f56bfc062723c751e8b465ee728b)  -> (artifact id: '6a98dbc52ba7365fcdff16292cdac445') in 0.020721 seconds
Number of updated asset objects reloaded before import = 0
Number of asset objects unloaded after import = 2
========================================================================
Received Import Request.
  Time since last request: 0.000041 seconds.
  path: Assets/Scenes/GameScene/Dice/Textures/Tex_RedExcept.png
  artifactKey: Guid(77c4be56f17ceb44c850a534405b93d9) Importer(815301076,1909f56bfc062723c751e8b465ee728b)
Start importing Assets/Scenes/GameScene/Dice/Textures/Tex_RedExcept.png using Guid(77c4be56f17ceb44c850a534405b93d9) Importer(815301076,1909f56bfc062723c751e8b465ee728b)  -> (artifact id: '8ab8fc1d5657c01d0bd34d17fb53621c') in 0.026212 seconds
Number of updated asset objects reloaded before import = 0
Number of asset objects unloaded after import = 2
========================================================================
Received Import Request.
  Time since last request: 2.247038 seconds.
  path: Assets/Scenes/GameScene/Dice/Prefabs/Dice_BlueExcept.prefab
  artifactKey: Guid(f7e6faf8d1eb1bf4e8a551cb604f1606) Importer(815301076,1909f56bfc062723c751e8b465ee728b)
Start importing Assets/Scenes/GameScene/Dice/Prefabs/Dice_BlueExcept.prefab using Guid(f7e6faf8d1eb1bf4e8a551cb604f1606) Importer(815301076,1909f56bfc062723c751e8b465ee728b)  -> (artifact id: '7823f9b2256bc49f7f05ede61608d5db') in 0.028248 seconds
Number of updated asset objects reloaded before import = 0
Number of asset objects unloaded after import = 11
========================================================================
Received Import Request.
  Time since last request: 0.000018 seconds.
  path: Assets/Scenes/GameScene/Dice/Prefabs/Dice_White.prefab
  artifactKey: Guid(0d2b9188252a78b4298fb8e34d9229ee) Importer(815301076,1909f56bfc062723c751e8b465ee728b)
Start importing Assets/Scenes/GameScene/Dice/Prefabs/Dice_White.prefab using Guid(0d2b9188252a78b4298fb8e34d9229ee) Importer(815301076,1909f56bfc062723c751e8b465ee728b)  -> (artifact id: 'bf8d11c6d9346a324db28e19d433c1eb') in 0.025008 seconds
Number of updated asset objects reloaded before import = 0
Number of asset objects unloaded after import = 11
========================================================================
Received Import Request.
  Time since last request: 6.768745 seconds.
  path: Assets/Scenes/GameScene/MiniGame/OneAll/MeteorPanic_WF/MeteorPanicDirector.prefab
  artifactKey: Guid(92dba3e5ae05c7b4fa19243f5f36d488) Importer(815301076,1909f56bfc062723c751e8b465ee728b)
Start importing Assets/Scenes/GameScene/MiniGame/OneAll/MeteorPanic_WF/MeteorPanicDirector.prefab using Guid(92dba3e5ae05c7b4fa19243f5f36d488) Importer(815301076,1909f56bfc062723c751e8b465ee728b)  -> (artifact id: 'e90cbe4fba90ccc0057a19404337ba78') in 0.019326 seconds
Number of updated asset objects reloaded before import = 0
Number of asset objects unloaded after import = 90
========================================================================
Received Import Request.
  Time since last request: 9.153877 seconds.
  path: Assets/Scenes/GameScene/MiniGame/1v3/JumpingBar_1_v_33_WF/GameDirector_JumpingBar_1v3.cs
  artifactKey: Guid(343ce44e35ec00e4db46bd24efad2208) Importer(815301076,1909f56bfc062723c751e8b465ee728b)
Start importing Assets/Scenes/GameScene/MiniGame/1v3/JumpingBar_1_v_33_WF/GameDirector_JumpingBar_1v3.cs using Guid(343ce44e35ec00e4db46bd24efad2208) Importer(815301076,1909f56bfc062723c751e8b465ee728b)  -> (artifact id: 'd9f7a7ea536e3542a2e2654a76f90146') in 0.000529 seconds
Number of updated asset objects reloaded before import = 0
Number of asset objects unloaded after import = 0
