Using pre-set license
Built from '2023.1/staging' branch; Version is '2023.1.0f1 (a008fa768e6c) revision 10488058'; Using compiler version '192829333'; Build Type 'Release'
OS: 'Windows 11  (10.0.26100) 64bit Professional' Language: 'ja' Physical Memory: 32525 MB
BatchMode: 1, IsHumanControllingUs: 0, StartBugReporterOnCrash: 0, Is64bit: 1, IsPro: 1

COMMAND LINE ARGUMENTS:
C:\Program Files\Unity\Hub\Editor\2023.1.0f1\Editor\Unity.exe
-adb2
-batchMode
-noUpm
-name
AssetImportWorker1
-projectPath
C:/Users/student/Documents/Github/IslandParty_Group/PartyProject
-logFile
Logs/AssetImportWorker1.log
-srvPort
52244
Successfully changed project path to: C:/Users/student/Documents/Github/IslandParty_Group/PartyProject
C:/Users/student/Documents/Github/IslandParty_Group/PartyProject
[UnityMemory] Configuration Parameters - Can be set up in boot.config
    "memorysetup-bucket-allocator-granularity=16"
    "memorysetup-bucket-allocator-bucket-count=8"
    "memorysetup-bucket-allocator-block-size=33554432"
    "memorysetup-bucket-allocator-block-count=8"
    "memorysetup-main-allocator-block-size=16777216"
    "memorysetup-thread-allocator-block-size=16777216"
    "memorysetup-gfx-main-allocator-block-size=16777216"
    "memorysetup-gfx-thread-allocator-block-size=16777216"
    "memorysetup-cache-allocator-block-size=4194304"
    "memorysetup-typetree-allocator-block-size=2097152"
    "memorysetup-profiler-bucket-allocator-granularity=16"
    "memorysetup-profiler-bucket-allocator-bucket-count=8"
    "memorysetup-profiler-bucket-allocator-block-size=33554432"
    "memorysetup-profiler-bucket-allocator-block-count=8"
    "memorysetup-profiler-allocator-block-size=16777216"
    "memorysetup-profiler-editor-allocator-block-size=1048576"
    "memorysetup-temp-allocator-size-main=16777216"
    "memorysetup-job-temp-allocator-block-size=2097152"
    "memorysetup-job-temp-allocator-block-size-background=1048576"
    "memorysetup-job-temp-allocator-reduction-small-platforms=262144"
    "memorysetup-allocator-temp-initial-block-size-main=262144"
    "memorysetup-allocator-temp-initial-block-size-worker=262144"
    "memorysetup-temp-allocator-size-background-worker=32768"
    "memorysetup-temp-allocator-size-job-worker=262144"
    "memorysetup-temp-allocator-size-preload-manager=33554432"
    "memorysetup-temp-allocator-size-nav-mesh-worker=65536"
    "memorysetup-temp-allocator-size-audio-worker=65536"
    "memorysetup-temp-allocator-size-cloud-worker=32768"
    "memorysetup-temp-allocator-size-gi-baking-worker=262144"
    "memorysetup-temp-allocator-size-gfx=262144"
Player connection [38576] Host "[IP] 10.0.80.129 [Port] 0 [Flags] 2 [Guid] 2993880842 [EditorId] 2993880842 [Version] 1048832 [Id] WindowsEditor(7,OIC-GAME-ROOM229) [Debug] 1 [PackageName] WindowsEditor [ProjectName] Editor" joined multi-casting on [225.0.0.222:54997]...

Player connection [38576] Host "[IP] 10.0.80.129 [Port] 0 [Flags] 2 [Guid] 2993880842 [EditorId] 2993880842 [Version] 1048832 [Id] WindowsEditor(7,OIC-GAME-ROOM229) [Debug] 1 [PackageName] WindowsEditor [ProjectName] Editor" joined alternative multi-casting on [225.0.0.222:34997]...

Library Redirect Path: Library/Refreshing native plugins compatible for Editor in 4.21 ms, found 1 plugins.
Preloading 0 native plugins for Editor in 0.00 ms.
Initialize engine version: 2023.1.0f1 (a008fa768e6c)
[Subsystems] Discovering subsystems at path C:/Program Files/Unity/Hub/Editor/2023.1.0f1/Editor/Data/Resources/UnitySubsystems
[Subsystems] Discovering subsystems at path C:/Users/student/Documents/Github/IslandParty_Group/PartyProject/Assets
GfxDevice: creating device client; threaded=0; jobified=0
Direct3D:
    Version:  Direct3D 11.0 [level 11.1]
    Renderer: NVIDIA GeForce RTX 3070 (ID=0x2488)
    Vendor:   NVIDIA
    VRAM:     8018 MB
    Driver:   32.0.15.7697
Initialize mono
Mono path[0] = 'C:/Program Files/Unity/Hub/Editor/2023.1.0f1/Editor/Data/Managed'
Mono path[1] = 'C:/Program Files/Unity/Hub/Editor/2023.1.0f1/Editor/Data/MonoBleedingEdge/lib/mono/unityjit-win32'
Mono config path = 'C:/Program Files/Unity/Hub/Editor/2023.1.0f1/Editor/Data/MonoBleedingEdge/etc'
Using monoOptions --debugger-agent=transport=dt_socket,embedding=1,server=y,suspend=n,address=127.0.0.1:56352
Begin MonoManager ReloadAssembly
Registering precompiled unity dll's ...
Register platform support module: C:/Program Files/Unity/Hub/Editor/2023.1.0f1/Editor/Data/PlaybackEngines/WindowsStandaloneSupport/UnityEditor.WindowsStandalone.Extensions.dll
Registered in 0.001795 seconds.
- Loaded All Assemblies, in  0.266 seconds
Native extension for WindowsStandalone target not found
Mono: successfully reloaded assembly
- Finished resetting the current domain, in  0.207 seconds
Domain Reload Profiling: 472ms
	BeginReloadAssembly (92ms)
		ExecutionOrderSort (0ms)
		DisableScriptedObjects (0ms)
		BackupInstance (0ms)
		ReleaseScriptingObjects (0ms)
		CreateAndSetChildDomain (1ms)
	RebuildCommonClasses (24ms)
	RebuildNativeTypeToScriptingClass (7ms)
	initialDomainReloadingComplete (35ms)
	LoadAllAssembliesAndSetupDomain (106ms)
		LoadAssemblies (91ms)
		RebuildTransferFunctionScriptingTraits (0ms)
		AnalyzeDomain (104ms)
			TypeCache.Refresh (103ms)
				TypeCache.ScanAssembly (94ms)
			ScanForSourceGeneratedMonoScriptInfo (0ms)
			ResolveRequiredComponents (0ms)
	FinalizeReload (207ms)
		ReleaseScriptCaches (0ms)
		RebuildScriptCaches (0ms)
		SetupLoadedEditorAssemblies (175ms)
			LogAssemblyErrors (0ms)
			InitializePlatformSupportModulesInManaged (6ms)
			SetLoadedEditorAssemblies (3ms)
			BeforeProcessingInitializeOnLoad (4ms)
			ProcessInitializeOnLoadAttributes (125ms)
			ProcessInitializeOnLoadMethodAttributes (36ms)
			AfterProcessingInitializeOnLoad (0ms)
			EditorAssembliesLoaded (0ms)
		ExecutionOrderSort2 (0ms)
		AwakeInstancesAfterBackupRestoration (0ms)
========================================================================
Worker process is ready to serve import requests
Import Worker Mode flag is 0x00
Begin MonoManager ReloadAssembly
- Loaded All Assemblies, in  0.490 seconds
Refreshing native plugins compatible for Editor in 1.11 ms, found 1 plugins.
Native extension for WindowsStandalone target not found
Mono: successfully reloaded assembly
- Finished resetting the current domain, in  0.317 seconds
Domain Reload Profiling: 806ms
	BeginReloadAssembly (214ms)
		ExecutionOrderSort (0ms)
		DisableScriptedObjects (4ms)
		BackupInstance (0ms)
		ReleaseScriptingObjects (0ms)
		CreateAndSetChildDomain (25ms)
	RebuildCommonClasses (26ms)
	RebuildNativeTypeToScriptingClass (7ms)
	initialDomainReloadingComplete (28ms)
	LoadAllAssembliesAndSetupDomain (214ms)
		LoadAssemblies (178ms)
		RebuildTransferFunctionScriptingTraits (0ms)
		AnalyzeDomain (108ms)
			TypeCache.Refresh (104ms)
				TypeCache.ScanAssembly (98ms)
			ScanForSourceGeneratedMonoScriptInfo (2ms)
			ResolveRequiredComponents (1ms)
	FinalizeReload (317ms)
		ReleaseScriptCaches (0ms)
		RebuildScriptCaches (0ms)
		SetupLoadedEditorAssemblies (173ms)
			LogAssemblyErrors (0ms)
			InitializePlatformSupportModulesInManaged (4ms)
			SetLoadedEditorAssemblies (2ms)
			BeforeProcessingInitializeOnLoad (44ms)
			ProcessInitializeOnLoadAttributes (105ms)
			ProcessInitializeOnLoadMethodAttributes (16ms)
			AfterProcessingInitializeOnLoad (2ms)
			EditorAssembliesLoaded (0ms)
		ExecutionOrderSort2 (0ms)
		AwakeInstancesAfterBackupRestoration (5ms)
Launched and connected shader compiler UnityShaderCompiler.exe after 0.01 seconds
Refreshing native plugins compatible for Editor in 1.25 ms, found 1 plugins.
Preloading 0 native plugins for Editor in 0.00 ms.
Unloading 2824 Unused Serialized files (Serialized files now loaded: 0)
Unloading 16 unused Assets / (85.3 KB). Loaded Objects now: 3392.
Memory consumption went from 129.6 MB to 129.5 MB.
Total: 5.011400 ms (FindLiveObjects: 0.268900 ms CreateObjectMapping: 0.316400 ms MarkObjects: 4.348200 ms  DeleteObjects: 0.076800 ms)

AssetImportParameters requested are different than current active one (requested -> active):
  custom:container-demuxer-ogg: 62fdf1f143b41e24485cea50d1cbac27 -> 
  custom:video-codec-MediaFoundation-h265: 746d11721c4dcdbdad8f713fa42b33f4 -> 
  custom:video-decoder-ogg-theora: a1e56fd34408186e4bbccfd4996cb3dc -> 
  custom:framework-win-MediaFoundation: 216162199b28c13a410421893ffa2e32 -> 
  custom:container-demuxer-webm: 4f35f7cbe854078d1ac9338744f61a02 -> 
  custom:container-muxer-webm: aa71ff27fc2769a1b78a27578f13a17b -> 
  custom:video-decoder-webm-vp8: 9c59270c3fd7afecdb556c50c9e8de78 -> 
  custom:AudioImporter_EditorPlatform: d09bf68614088b80899f8185d706f6e7 -> 
  custom:video-encoder-webm-vp8: eb34c28f22e8b96e1ab97ce403110664 -> 
  custom:audio-decoder-ogg-vorbis: bf7c407c2cedff20999df2af8eb42d56 -> 
  custom:audio-encoder-webm-vorbis: bf7c407c2cedff20999df2af8eb42d56 -> 
========================================================================
Received Import Request.
  Time since last request: 108915.634631 seconds.
  path: Assets/Scenes/GameScene/Sugoroku/SugorokuStage/Field/Data/Crown/13451_Golden_Crown_v1_L2.obj
  artifactKey: Guid(e0d88adec61e66c47931016a04845b2a) Importer(815301076,1909f56bfc062723c751e8b465ee728b)
Start importing Assets/Scenes/GameScene/Sugoroku/SugorokuStage/Field/Data/Crown/13451_Golden_Crown_v1_L2.obj using Guid(e0d88adec61e66c47931016a04845b2a) Importer(815301076,1909f56bfc062723c751e8b465ee728b)  -> (artifact id: 'a05e88494d024d98da690d6d2988cf59') in 0.225107 seconds
Number of updated asset objects reloaded before import = 0
Number of asset objects unloaded after import = 48
========================================================================
Received Import Request.
  Time since last request: 3.962147 seconds.
  path: Assets/Scenes/GameScene/Sugoroku/SugorokuStage/Field/Data/Terrain/Ppond.prefab
  artifactKey: Guid(5642527725797de4293a7bae033bf72c) Importer(815301076,1909f56bfc062723c751e8b465ee728b)
Start importing Assets/Scenes/GameScene/Sugoroku/SugorokuStage/Field/Data/Terrain/Ppond.prefab using Guid(5642527725797de4293a7bae033bf72c) Importer(815301076,1909f56bfc062723c751e8b465ee728b)  -> (artifact id: 'c0c737a38f0aa4fcf13c94a896bf55b8') in 0.001580 seconds
Number of updated asset objects reloaded before import = 0
Number of asset objects unloaded after import = 6
========================================================================
Received Import Request.
  Time since last request: 0.004126 seconds.
  path: Assets/Scenes/GameScene/Sugoroku/SugorokuStage/Field/Data/Terrain/Sand.asset
  artifactKey: Guid(c66e370c881e7cd45b32e44a18dc7e8f) Importer(815301076,1909f56bfc062723c751e8b465ee728b)
Start importing Assets/Scenes/GameScene/Sugoroku/SugorokuStage/Field/Data/Terrain/Sand.asset using Guid(c66e370c881e7cd45b32e44a18dc7e8f) Importer(815301076,1909f56bfc062723c751e8b465ee728b)  -> (artifact id: '84f751693846c7daf05d5fe44882bdcf') in 0.004464 seconds
Number of updated asset objects reloaded before import = 0
Number of asset objects unloaded after import = 1
========================================================================
Received Import Request.
  Time since last request: 0.000015 seconds.
  path: Assets/Scenes/GameScene/Sugoroku/SugorokuStage/Field/Data/Terrain/Sea.asset
  artifactKey: Guid(743656f10c67e5b46836234a9ffff52c) Importer(815301076,1909f56bfc062723c751e8b465ee728b)
Start importing Assets/Scenes/GameScene/Sugoroku/SugorokuStage/Field/Data/Terrain/Sea.asset using Guid(743656f10c67e5b46836234a9ffff52c) Importer(815301076,1909f56bfc062723c751e8b465ee728b)  -> (artifact id: 'ae0b96542f15a22fb31135b15edbb5e5') in 0.003845 seconds
Number of updated asset objects reloaded before import = 0
Number of asset objects unloaded after import = 1
========================================================================
Received Import Request.
  Time since last request: 0.000016 seconds.
  path: Assets/Scenes/GameScene/Sugoroku/SugorokuStage/Field/Data/Terrain/Sea.prefab
  artifactKey: Guid(4b892388945848147a4f196349cef7a5) Importer(815301076,1909f56bfc062723c751e8b465ee728b)
Start importing Assets/Scenes/GameScene/Sugoroku/SugorokuStage/Field/Data/Terrain/Sea.prefab using Guid(4b892388945848147a4f196349cef7a5) Importer(815301076,1909f56bfc062723c751e8b465ee728b)  -> (artifact id: 'b242266b343c6152524cd5360e81cac6') in 0.001748 seconds
Number of updated asset objects reloaded before import = 0
Number of asset objects unloaded after import = 6
========================================================================
Received Import Request.
  Time since last request: 0.000068 seconds.
  path: Assets/Scenes/GameScene/Sugoroku/SugorokuStage/Field/Data/Terrain/SeaColor.mat
  artifactKey: Guid(78941bf09e759b14f8fc1d7460411476) Importer(815301076,1909f56bfc062723c751e8b465ee728b)
Start importing Assets/Scenes/GameScene/Sugoroku/SugorokuStage/Field/Data/Terrain/SeaColor.mat using Guid(78941bf09e759b14f8fc1d7460411476) Importer(815301076,1909f56bfc062723c751e8b465ee728b)  -> (artifact id: '3d8992accf2454da39bb657ba07a81d5') in 0.027393 seconds
Number of updated asset objects reloaded before import = 0
Number of asset objects unloaded after import = 1
========================================================================
Received Import Request.
  Time since last request: 0.544617 seconds.
  path: Assets/Scenes/GameScene/Sugoroku/SugorokuStage/Field/Data/Sky/NormalSkyBox.png
  artifactKey: Guid(c80b668e2c6f16b4dbe527bd3cc16a3d) Importer(815301076,1909f56bfc062723c751e8b465ee728b)
Start importing Assets/Scenes/GameScene/Sugoroku/SugorokuStage/Field/Data/Sky/NormalSkyBox.png using Guid(c80b668e2c6f16b4dbe527bd3cc16a3d) Importer(815301076,1909f56bfc062723c751e8b465ee728b)  -> (artifact id: '3bf6aabecfef2dd07707dbc26cf3367e') in 0.033645 seconds
Number of updated asset objects reloaded before import = 0
Number of asset objects unloaded after import = 2
========================================================================
Received Import Request.
  Time since last request: 0.000057 seconds.
  path: Assets/Scenes/GameScene/Sugoroku/SugorokuStage/Field/Data/Sky/SkyBoxColor.mat
  artifactKey: Guid(3db310d8124d11f41b1366a23b398dbd) Importer(815301076,1909f56bfc062723c751e8b465ee728b)
Start importing Assets/Scenes/GameScene/Sugoroku/SugorokuStage/Field/Data/Sky/SkyBoxColor.mat using Guid(3db310d8124d11f41b1366a23b398dbd) Importer(815301076,1909f56bfc062723c751e8b465ee728b)  -> (artifact id: '25dfb3b61a1661a3656f4111c0f0c1fc') in 0.021927 seconds
Number of updated asset objects reloaded before import = 0
Number of asset objects unloaded after import = 2
========================================================================
Received Import Request.
  Time since last request: 0.000014 seconds.
  path: Assets/Scenes/GameScene/Sugoroku/SugorokuStage/Field/Data/Sky/skyBox.png
  artifactKey: Guid(228ee06a407ca4c4786fcce359bf6bb8) Importer(815301076,1909f56bfc062723c751e8b465ee728b)
Start importing Assets/Scenes/GameScene/Sugoroku/SugorokuStage/Field/Data/Sky/skyBox.png using Guid(228ee06a407ca4c4786fcce359bf6bb8) Importer(815301076,1909f56bfc062723c751e8b465ee728b)  -> (artifact id: '08cd04a13e5867efc9e84b1a29b80e00') in 0.014735 seconds
Number of updated asset objects reloaded before import = 0
Number of asset objects unloaded after import = 2
========================================================================
Received Import Request.
  Time since last request: 0.577430 seconds.
  path: Assets/Scenes/GameScene/Sugoroku/SugorokuStage/Field/Data/Gold/Gold_nor_gl_4k.exr
  artifactKey: Guid(d15e8a0940c16b84eaf22edb9ccc3f28) Importer(815301076,1909f56bfc062723c751e8b465ee728b)
Start importing Assets/Scenes/GameScene/Sugoroku/SugorokuStage/Field/Data/Gold/Gold_nor_gl_4k.exr using Guid(d15e8a0940c16b84eaf22edb9ccc3f28) Importer(815301076,1909f56bfc062723c751e8b465ee728b)  -> (artifact id: '2f719d9ac6dcf65ef4b78a926273ef10') in 0.033986 seconds
Number of updated asset objects reloaded before import = 0
Number of asset objects unloaded after import = 2
========================================================================
Received Import Request.
  Time since last request: 8.495383 seconds.
  path: Assets/Scenes/GameScene/Sugoroku/Sugoroku_Tutorial/Image/Slide3.jpg
  artifactKey: Guid(eb40e13074bdaf54898ef096b0034c2c) Importer(815301076,1909f56bfc062723c751e8b465ee728b)
Start importing Assets/Scenes/GameScene/Sugoroku/Sugoroku_Tutorial/Image/Slide3.jpg using Guid(eb40e13074bdaf54898ef096b0034c2c) Importer(815301076,1909f56bfc062723c751e8b465ee728b)  -> (artifact id: '11e7c33d4bf0d5f8e0a78d1f50776aac') in 0.034704 seconds
Number of updated asset objects reloaded before import = 0
Number of asset objects unloaded after import = 3
========================================================================
Received Import Request.
  Time since last request: 9.733677 seconds.
  path: Assets/Scenes/GameScene/Sugoroku/SugorokuStage/Cell/Materials/Barrier_3.mat
  artifactKey: Guid(6928546a196d49a4bb6a85b88b245299) Importer(815301076,1909f56bfc062723c751e8b465ee728b)
Start importing Assets/Scenes/GameScene/Sugoroku/SugorokuStage/Cell/Materials/Barrier_3.mat using Guid(6928546a196d49a4bb6a85b88b245299) Importer(815301076,1909f56bfc062723c751e8b465ee728b)  -> (artifact id: 'd5b62b6ec8f50874aaf27e3f1e0d225a') in 0.031325 seconds
Number of updated asset objects reloaded before import = 0
Number of asset objects unloaded after import = 2
========================================================================
Received Import Request.
  Time since last request: 0.000028 seconds.
  path: Assets/Scenes/GameScene/Sugoroku/SugorokuStage/Cell/Materials/Cell_DiceBack.mat
  artifactKey: Guid(e7aa5717663b1b345809e2bf122fb2e7) Importer(815301076,1909f56bfc062723c751e8b465ee728b)
Start importing Assets/Scenes/GameScene/Sugoroku/SugorokuStage/Cell/Materials/Cell_DiceBack.mat using Guid(e7aa5717663b1b345809e2bf122fb2e7) Importer(815301076,1909f56bfc062723c751e8b465ee728b)  -> (artifact id: 'a7b1138fabbf7e52d3e7952d06eadb18') in 0.029183 seconds
Number of updated asset objects reloaded before import = 0
Number of asset objects unloaded after import = 2
========================================================================
Received Import Request.
  Time since last request: 0.000017 seconds.
  path: Assets/Scenes/GameScene/Sugoroku/SugorokuStage/Cell/Materials/Cell_None.mat
  artifactKey: Guid(f2b89aa0e7e80034ea7a6f8e375093d5) Importer(815301076,1909f56bfc062723c751e8b465ee728b)
Start importing Assets/Scenes/GameScene/Sugoroku/SugorokuStage/Cell/Materials/Cell_None.mat using Guid(f2b89aa0e7e80034ea7a6f8e375093d5) Importer(815301076,1909f56bfc062723c751e8b465ee728b)  -> (artifact id: '4228e7614557a426be7e347c3e476904') in 0.020060 seconds
Number of updated asset objects reloaded before import = 0
Number of asset objects unloaded after import = 2
========================================================================
Received Import Request.
  Time since last request: 0.000018 seconds.
  path: Assets/Scenes/GameScene/Sugoroku/SugorokuStage/Cell/Materials/Cell_1v1.mat
  artifactKey: Guid(de9a12fdebaf9314e950ca675d53b171) Importer(815301076,1909f56bfc062723c751e8b465ee728b)
Start importing Assets/Scenes/GameScene/Sugoroku/SugorokuStage/Cell/Materials/Cell_1v1.mat using Guid(de9a12fdebaf9314e950ca675d53b171) Importer(815301076,1909f56bfc062723c751e8b465ee728b)  -> (artifact id: 'd4ff4bf42f6a14d1dc614597c5964dde') in 0.020543 seconds
Number of updated asset objects reloaded before import = 0
Number of asset objects unloaded after import = 2
========================================================================
Received Import Request.
  Time since last request: 3.375771 seconds.
  path: Assets/Scenes/GameScene/Sugoroku/SugorokuStage/Cell/Textures/Barrier_Last.png
  artifactKey: Guid(9eecc5f8dea8bc440906850f12159f9e) Importer(815301076,1909f56bfc062723c751e8b465ee728b)
Start importing Assets/Scenes/GameScene/Sugoroku/SugorokuStage/Cell/Textures/Barrier_Last.png using Guid(9eecc5f8dea8bc440906850f12159f9e) Importer(815301076,1909f56bfc062723c751e8b465ee728b)  -> (artifact id: 'fa7dac98351366ac61c256c814b4750c') in 0.019875 seconds
Number of updated asset objects reloaded before import = 0
Number of asset objects unloaded after import = 2
========================================================================
Received Import Request.
  Time since last request: 0.000150 seconds.
  path: Assets/Scenes/GameScene/Sugoroku/SugorokuStage/Cell/Textures/Cell_None.png
  artifactKey: Guid(033ed6c3eae77f149aacf9c747a4107d) Importer(815301076,1909f56bfc062723c751e8b465ee728b)
Start importing Assets/Scenes/GameScene/Sugoroku/SugorokuStage/Cell/Textures/Cell_None.png using Guid(033ed6c3eae77f149aacf9c747a4107d) Importer(815301076,1909f56bfc062723c751e8b465ee728b)  -> (artifact id: 'd594109a79af98d723e35d9818a72b27') in 0.017131 seconds
Number of updated asset objects reloaded before import = 0
Number of asset objects unloaded after import = 2
========================================================================
Received Import Request.
  Time since last request: 0.000014 seconds.
  path: Assets/Scenes/GameScene/Sugoroku/SugorokuStage/Cell/Textures/Cell_5Forward.png
  artifactKey: Guid(6c560cefdc1134e49809cf527250fa50) Importer(815301076,1909f56bfc062723c751e8b465ee728b)
Start importing Assets/Scenes/GameScene/Sugoroku/SugorokuStage/Cell/Textures/Cell_5Forward.png using Guid(6c560cefdc1134e49809cf527250fa50) Importer(815301076,1909f56bfc062723c751e8b465ee728b)  -> (artifact id: '7313140ae90bc47ea5cc1e5778340836') in 0.019599 seconds
Number of updated asset objects reloaded before import = 0
Number of asset objects unloaded after import = 2
Editor requested this worker to shutdown with reason: Scaling down because of idle timeout
AssetImportWorker is now disconnected from the server
Process exiting
Exiting without the bug reporter. Application will terminate with return code 0